android/app/build/intermediates/manifest_merge_blame_file/debug/manifest-merger-blame-debug-report.txt
1<?xml version="1.0" encoding="utf-8"?>
2<manifest xmlns:android="http://schemas.android.com/apk/res/android"
3    package="com.aqra"
4    android:versionCode="1"
5    android:versionName="1.0" >
6
7    <uses-sdk
8        android:minSdkVersion="21"
9        android:targetSdkVersion="34" />
10
11    <uses-permission android:name="android.permission.SYSTEM_ALERT_WINDOW" />
11-->src\debug\AndroidManifest.xml:5:5-77
11-->src\debug\AndroidManifest.xml:5:22-75
12    <uses-permission android:name="android.permission.INTERNET" />
12-->src\main\AndroidManifest.xml:3:5-67
12-->src\main\AndroidManifest.xml:3:22-64
13    <uses-permission android:name="android.permission.ACCESS_WIFI_STATE" />
13-->[com.facebook.flipper:flipper:0.182.0] AndroidManifest.xml:16:5-76
13-->[com.facebook.flipper:flipper:0.182.0] AndroidManifest.xml:16:22-73
14
15    <application
15-->src\main\AndroidManifest.xml:5:5-24:19
16        android:name="com.aqra.MainApplication"
16-->src\main\AndroidManifest.xml:6:7-38
17        android:allowBackup="false"
17-->src\main\AndroidManifest.xml:10:7-34
18        android:appComponentFactory="androidx.core.app.CoreComponentFactory"
18-->[androidx.core:core:1.8.0] AndroidManifest.xml:24:18-86
19        android:debuggable="true"
20        android:extractNativeLibs="true"
21        android:icon="@mipmap/ic_launcher"
21-->src\main\AndroidManifest.xml:8:7-41
22        android:label="@string/app_name"
22-->src\main\AndroidManifest.xml:7:7-39
23        android:roundIcon="@mipmap/ic_launcher_round"
23-->src\main\AndroidManifest.xml:9:7-52
24        android:theme="@style/AppTheme"
24-->src\main\AndroidManifest.xml:11:7-38
25        android:usesCleartextTraffic="true" >
25-->src\debug\AndroidManifest.xml:8:9-44
26        <activity
26-->src\debug\AndroidManifest.xml:11:9-111
27            android:name="com.facebook.react.devsupport.DevSettingsActivity"
27-->src\debug\AndroidManifest.xml:11:19-83
28            android:exported="false" />
28-->src\debug\AndroidManifest.xml:11:84-108
29        <activity
29-->src\main\AndroidManifest.xml:12:7-23:18
30            android:name="com.aqra.MainActivity"
30-->src\main\AndroidManifest.xml:13:9-37
31            android:configChanges="keyboard|keyboardHidden|orientation|screenLayout|screenSize|smallestScreenSize|uiMode"
31-->src\main\AndroidManifest.xml:15:9-118
32            android:exported="true"
32-->src\main\AndroidManifest.xml:18:9-32
33            android:label="@string/app_name"
33-->src\main\AndroidManifest.xml:14:9-41
34            android:launchMode="singleTask"
34-->src\main\AndroidManifest.xml:16:9-40
35            android:windowSoftInputMode="adjustResize" >
35-->src\main\AndroidManifest.xml:17:9-51
36            <intent-filter>
36-->src\main\AndroidManifest.xml:19:9-22:25
37                <action android:name="android.intent.action.MAIN" />
37-->src\main\AndroidManifest.xml:20:13-65
37-->src\main\AndroidManifest.xml:20:21-62
38
39                <category android:name="android.intent.category.LAUNCHER" />
39-->src\main\AndroidManifest.xml:21:13-73
39-->src\main\AndroidManifest.xml:21:23-70
40            </intent-filter>
41        </activity>
42
43        <provider
43-->[androidx.emoji2:emoji2:1.2.0] AndroidManifest.xml:24:9-32:20
44            android:name="androidx.startup.InitializationProvider"
44-->[androidx.emoji2:emoji2:1.2.0] AndroidManifest.xml:25:13-67
45            android:authorities="com.aqra.androidx-startup"
45-->[androidx.emoji2:emoji2:1.2.0] AndroidManifest.xml:26:13-68
46            android:exported="false" >
46-->[androidx.emoji2:emoji2:1.2.0] AndroidManifest.xml:27:13-37
47            <meta-data
47-->[androidx.emoji2:emoji2:1.2.0] AndroidManifest.xml:29:13-31:52
48                android:name="androidx.emoji2.text.EmojiCompatInitializer"
48-->[androidx.emoji2:emoji2:1.2.0] AndroidManifest.xml:30:17-75
49                android:value="androidx.startup" />
49-->[androidx.emoji2:emoji2:1.2.0] AndroidManifest.xml:31:17-49
50            <meta-data
50-->[androidx.lifecycle:lifecycle-process:2.4.1] AndroidManifest.xml:31:13-33:52
51                android:name="androidx.lifecycle.ProcessLifecycleInitializer"
51-->[androidx.lifecycle:lifecycle-process:2.4.1] AndroidManifest.xml:32:17-78
52                android:value="androidx.startup" />
52-->[androidx.lifecycle:lifecycle-process:2.4.1] AndroidManifest.xml:33:17-49
53        </provider>
54
55        <meta-data
55-->[com.facebook.soloader:soloader:0.10.5] AndroidManifest.xml:12:9-14:37
56            android:name="com.facebook.soloader.enabled"
56-->[com.facebook.soloader:soloader:0.10.5] AndroidManifest.xml:13:13-57
57            android:value="false" />
57-->[com.facebook.soloader:soloader:0.10.5] AndroidManifest.xml:14:13-34
58    </application>
59
60</manifest>